Read the Docs build information
Build id: 21785553
Project: pestifer
Version: latest
Commit: ea9dccf68d0e5864213fbb845cf0cd1d2af03d4c
Date: 2023-08-31T21:28:27.040548Z
State: finished
Success: False


[rtd-command-info] start-time: 2023-08-31T21:29:01.577018Z, end-time: 2023-08-31T21:29:03.032341Z, duration: 1, exit-code: 0
git clone --depth 1 https://github.com/cameronabrams/pestifer.git .
Cloning into '.'...

[rtd-command-info] start-time: 2023-08-31T21:29:03.616808Z, end-time: 2023-08-31T21:29:04.939666Z, duration: 1, exit-code: 0
git fetch origin --force --prune --prune-tags --depth 50 refs/heads/main:refs/remotes/origin/main


[rtd-command-info] start-time: 2023-08-31T21:29:06.109493Z, end-time: 2023-08-31T21:29:06.214507Z, duration: 0, exit-code: 0
git checkout --force origin/main
Note: switching to 'origin/main'.

You are in 'detached HEAD' state. You can look around, make experimental
changes and commit them, and you can discard any commits you make in this
state without impacting any branches by switching back to a branch.

If you want to create a new branch to retain commits you create, you may
do so (now or later) by using -c with the switch command. Example:

  git switch -c <new-branch-name>

Or undo this operation with:

  git switch -

Turn off this advice by setting config variable advice.detachedHead to false

HEAD is now at ea9dccf docs

[rtd-command-info] start-time: 2023-08-31T21:29:06.758821Z, end-time: 2023-08-31T21:29:06.823195Z, duration: 0, exit-code: 0
git clean -d -f -f


[rtd-command-info] start-time: 2023-08-31T21:29:07.462709Z, end-time: 2023-08-31T21:29:07.521269Z, duration: 0, exit-code: 0
cat .readthedocs.yaml
# .readthedocs.yaml
# Read the Docs configuration file
# See https://docs.readthedocs.io/en/stable/config-file/v2.html for details

# Required
version: 2

# Set the OS, Python version and other tools you might need
build:
  os: ubuntu-22.04
  tools:
    python: "3.11"
    # You can also specify other tool versions:
    # nodejs: "19"
    # rust: "1.64"
    # golang: "1.19"

# Build documentation in the "docs/" directory with Sphinx
sphinx:
   configuration: docs/source/conf.py

# Optionally build your docs in additional formats such as PDF and ePub
# formats:
#    - pdf
#    - epub

# Optional but recommended, declare the Python requirements required
# to build your documentation
# See https://docs.readthedocs.io/en/stable/guides/reproducible-builds.html
# python:
#    install:
#    - requirements: docs/requirements.txt

[rtd-command-info] start-time: 2023-08-31T21:29:16.676641Z, end-time: 2023-08-31T21:29:16.749844Z, duration: 0, exit-code: 0
asdf global python 3.11.4


[rtd-command-info] start-time: 2023-08-31T21:29:17.647848Z, end-time: 2023-08-31T21:29:18.601711Z, duration: 0, exit-code: 0
python -mvirtualenv $READTHEDOCS_VIRTUALENV_PATH
created virtual environment CPython3.11.4.final.0-64 in 605ms
  creator CPython3Posix(dest=/home/docs/checkouts/readthedocs.org/user_builds/pestifer/envs/latest, clear=False, no_vcs_ignore=False, global=False)
  seeder FromAppData(download=False, pip=bundle, setuptools=bundle, wheel=bundle, via=copy, app_data_dir=/home/docs/.local/share/virtualenv)
    added seed packages: pip==21.2.3, setuptools==57.4.0, wheel==0.37.0
  activators BashActivator,CShellActivator,FishActivator,PowerShellActivator,PythonActivator

[rtd-command-info] start-time: 2023-08-31T21:29:19.226146Z, end-time: 2023-08-31T21:29:31.708934Z, duration: 12, exit-code: 0
python -m pip install --upgrade --no-cache-dir pip setuptools
Requirement already satisfied: pip in /home/docs/checkouts/readthedocs.org/user_builds/pestifer/envs/latest/lib/python3.11/site-packages (21.2.3)
Collecting pip
  Downloading pip-23.2.1-py3-none-any.whl (2.1 MB)
Requirement already satisfied: setuptools in /home/docs/checkouts/readthedocs.org/user_builds/pestifer/envs/latest/lib/python3.11/site-packages (57.4.0)
Collecting setuptools
  Downloading setuptools-68.1.2-py3-none-any.whl (805 kB)
Installing collected packages: setuptools, pip
  Attempting uninstall: setuptools
    Found existing installation: setuptools 57.4.0
    Uninstalling setuptools-57.4.0:
      Successfully uninstalled setuptools-57.4.0
  Attempting uninstall: pip
    Found existing installation: pip 21.2.3
    Uninstalling pip-21.2.3:
      Successfully uninstalled pip-21.2.3
Successfully installed pip-23.2.1 setuptools-68.1.2

[rtd-command-info] start-time: 2023-08-31T21:29:32.192867Z, end-time: 2023-08-31T21:29:39.066925Z, duration: 6, exit-code: 0
python -m pip install --upgrade --no-cache-dir sphinx readthedocs-sphinx-ext
Collecting sphinx
  Obtaining dependency information for sphinx from https://files.pythonhosted.org/packages/a6/54/f4fcf7113eb051a46476ecce9485c463f58dbc3887c06dbfe1e67a8ce7c0/sphinx-7.2.5-py3-none-any.whl.metadata
  Downloading sphinx-7.2.5-py3-none-any.whl.metadata (5.9 kB)
Collecting readthedocs-sphinx-ext
  Obtaining dependency information for readthedocs-sphinx-ext from https://files.pythonhosted.org/packages/8c/f1/3d783ebfc084a9d556123d54669116101760e5e0dbb894b006745bcb59ea/readthedocs_sphinx_ext-2.2.2-py2.py3-none-any.whl.metadata
  Downloading readthedocs_sphinx_ext-2.2.2-py2.py3-none-any.whl.metadata (1.5 kB)
Collecting sphinxcontrib-applehelp (from sphinx)
  Obtaining dependency information for sphinxcontrib-applehelp from https://files.pythonhosted.org/packages/c0/0c/261c0949083c0ac635853528bb0070c89e927841d4e533ba0b5563365c06/sphinxcontrib_applehelp-1.0.7-py3-none-any.whl.metadata
  Downloading sphinxcontrib_applehelp-1.0.7-py3-none-any.whl.metadata (2.2 kB)
Collecting sphinxcontrib-devhelp (from sphinx)
  Obtaining dependency information for sphinxcontrib-devhelp from https://files.pythonhosted.org/packages/c0/03/010ac733ec7b7f71c1dc88e7115743ee466560d6d85373b56fb9916e4586/sphinxcontrib_devhelp-1.0.5-py3-none-any.whl.metadata
  Downloading sphinxcontrib_devhelp-1.0.5-py3-none-any.whl.metadata (2.2 kB)
Collecting sphinxcontrib-jsmath (from sphinx)
  Downloading sphinxcontrib_jsmath-1.0.1-py2.py3-none-any.whl (5.1 kB)
Collecting sphinxcontrib-htmlhelp>=2.0.0 (from sphinx)
  Obtaining dependency information for sphinxcontrib-htmlhelp>=2.0.0 from https://files.pythonhosted.org/packages/28/7a/958f8e3e6abe8219d0d1f1224886de847ab227b218f4a07b61bc337f64be/sphinxcontrib_htmlhelp-2.0.4-py3-none-any.whl.metadata
  Downloading sphinxcontrib_htmlhelp-2.0.4-py3-none-any.whl.metadata (2.2 kB)
Collecting sphinxcontrib-serializinghtml>=1.1.9 (from sphinx)
  Obtaining dependency information for sphinxcontrib-serializinghtml>=1.1.9 from https://files.pythonhosted.org/packages/95/d6/2e0bda62b2a808070ac922d21a950aa2cb5e4fcfb87e5ff5f86bc43a2201/sphinxcontrib_serializinghtml-1.1.9-py3-none-any.whl.metadata
  Downloading sphinxcontrib_serializinghtml-1.1.9-py3-none-any.whl.metadata (2.3 kB)
Collecting sphinxcontrib-qthelp (from sphinx)
  Obtaining dependency information for sphinxcontrib-qthelp from https://files.pythonhosted.org/packages/1f/e5/1850f3f118e95581c1e30b57028ac979badee1eb29e70ee72b0241f5a185/sphinxcontrib_qthelp-1.0.6-py3-none-any.whl.metadata
  Downloading sphinxcontrib_qthelp-1.0.6-py3-none-any.whl.metadata (2.2 kB)
Collecting Jinja2>=3.0 (from sphinx)
  Downloading Jinja2-3.1.2-py3-none-any.whl (133 kB)
     ━━━━━━━━━━━━━━━━━━━━━━━━━━━━━━━━━━━━━━━ 133.1/133.1 kB 5.8 MB/s eta 0:00:00
Collecting Pygments>=2.14 (from sphinx)
  Obtaining dependency information for Pygments>=2.14 from https://files.pythonhosted.org/packages/43/88/29adf0b44ba6ac85045e63734ae0997d3c58d8b1a91c914d240828d0d73d/Pygments-2.16.1-py3-none-any.whl.metadata
  Downloading Pygments-2.16.1-py3-none-any.whl.metadata (2.5 kB)
Collecting docutils<0.21,>=0.18.1 (from sphinx)
  Obtaining dependency information for docutils<0.21,>=0.18.1 from https://files.pythonhosted.org/packages/26/87/f238c0670b94533ac0353a4e2a1a771a0cc73277b88bff23d3ae35a256c1/docutils-0.20.1-py3-none-any.whl.metadata
  Downloading docutils-0.20.1-py3-none-any.whl.metadata (2.8 kB)
Collecting snowballstemmer>=2.0 (from sphinx)
  Downloading snowballstemmer-2.2.0-py2.py3-none-any.whl (93 kB)
     ━━━━━━━━━━━━━━━━━━━━━━━━━━━━━━━━━━━━━━━ 93.0/93.0 kB 154.3 MB/s eta 0:00:00
Collecting babel>=2.9 (from sphinx)
  Downloading Babel-2.12.1-py3-none-any.whl (10.1 MB)
     ━━━━━━━━━━━━━━━━━━━━━━━━━━━━━━━━━━━━━━━ 10.1/10.1 MB 107.1 MB/s eta 0:00:00
Collecting alabaster<0.8,>=0.7 (from sphinx)
  Downloading alabaster-0.7.13-py3-none-any.whl (13 kB)
Collecting imagesize>=1.3 (from sphinx)
  Downloading imagesize-1.4.1-py2.py3-none-any.whl (8.8 kB)
Collecting requests>=2.25.0 (from sphinx)
  Obtaining dependency information for requests>=2.25.0 from https://files.pythonhosted.org/packages/70/8e/0e2d847013cb52cd35b38c009bb167a1a26b2ce6cd6965bf26b47bc0bf44/requests-2.31.0-py3-none-any.whl.metadata
  Downloading requests-2.31.0-py3-none-any.whl.metadata (4.6 kB)
Collecting packaging>=21.0 (from sphinx)
  Downloading packaging-23.1-py3-none-any.whl (48 kB)
     ━━━━━━━━━━━━━━━━━━━━━━━━━━━━━━━━━━━━━━━ 48.9/48.9 kB 227.3 MB/s eta 0:00:00
Collecting MarkupSafe>=2.0 (from Jinja2>=3.0->sphinx)
  Obtaining dependency information for MarkupSafe>=2.0 from https://files.pythonhosted.org/packages/fe/21/2eff1de472ca6c99ec3993eab11308787b9879af9ca8bbceb4868cf4f2ca/MarkupSafe-2.1.3-cp311-cp311-manylinux_2_17_x86_64.manylinux2014_x86_64.whl.metadata
  Downloading MarkupSafe-2.1.3-cp311-cp311-manylinux_2_17_x86_64.manylinux2014_x86_64.whl.metadata (3.0 kB)
Collecting charset-normalizer<4,>=2 (from requests>=2.25.0->sphinx)
  Obtaining dependency information for charset-normalizer<4,>=2 from https://files.pythonhosted.org/packages/bc/85/ef25d4ba14c7653c3020a1c6e1a7413e6791ef36a0ac177efa605fc2c737/charset_normalizer-3.2.0-cp311-cp311-manylinux_2_17_x86_64.manylinux2014_x86_64.whl.metadata
  Downloading charset_normalizer-3.2.0-cp311-cp311-manylinux_2_17_x86_64.manylinux2014_x86_64.whl.metadata (31 kB)
Collecting idna<4,>=2.5 (from requests>=2.25.0->sphinx)
  Downloading idna-3.4-py3-none-any.whl (61 kB)
     ━━━━━━━━━━━━━━━━━━━━━━━━━━━━━━━━━━━━━━━ 61.5/61.5 kB 245.6 MB/s eta 0:00:00
Collecting urllib3<3,>=1.21.1 (from requests>=2.25.0->sphinx)
  Obtaining dependency information for urllib3<3,>=1.21.1 from https://files.pythonhosted.org/packages/9b/81/62fd61001fa4b9d0df6e31d47ff49cfa9de4af03adecf339c7bc30656b37/urllib3-2.0.4-py3-none-any.whl.metadata
  Downloading urllib3-2.0.4-py3-none-any.whl.metadata (6.6 kB)
Collecting certifi>=2017.4.17 (from requests>=2.25.0->sphinx)
  Obtaining dependency information for certifi>=2017.4.17 from https://files.pythonhosted.org/packages/4c/dd/2234eab22353ffc7d94e8d13177aaa050113286e93e7b40eae01fbf7c3d9/certifi-2023.7.22-py3-none-any.whl.metadata
  Downloading certifi-2023.7.22-py3-none-any.whl.metadata (2.2 kB)
Downloading sphinx-7.2.5-py3-none-any.whl (3.2 MB)
   ━━━━━━━━━━━━━━━━━━━━━━━━━━━━━━━━━━━━━━━━ 3.2/3.2 MB 215.6 MB/s eta 0:00:00
Downloading readthedocs_sphinx_ext-2.2.2-py2.py3-none-any.whl (11 kB)
Downloading docutils-0.20.1-py3-none-any.whl (572 kB)
   ━━━━━━━━━━━━━━━━━━━━━━━━━━━━━━━━━━━━━━━ 572.7/572.7 kB 289.7 MB/s eta 0:00:00
Downloading Pygments-2.16.1-py3-none-any.whl (1.2 MB)
   ━━━━━━━━━━━━━━━━━━━━━━━━━━━━━━━━━━━━━━━━ 1.2/1.2 MB 267.6 MB/s eta 0:00:00
Downloading requests-2.31.0-py3-none-any.whl (62 kB)
   ━━━━━━━━━━━━━━━━━━━━━━━━━━━━━━━━━━━━━━━━ 62.6/62.6 kB 254.3 MB/s eta 0:00:00
Downloading sphinxcontrib_htmlhelp-2.0.4-py3-none-any.whl (99 kB)
   ━━━━━━━━━━━━━━━━━━━━━━━━━━━━━━━━━━━━━━━━ 99.2/99.2 kB 266.4 MB/s eta 0:00:00
Downloading sphinxcontrib_serializinghtml-1.1.9-py3-none-any.whl (92 kB)
   ━━━━━━━━━━━━━━━━━━━━━━━━━━━━━━━━━━━━━━━━ 92.7/92.7 kB 269.5 MB/s eta 0:00:00
Downloading sphinxcontrib_applehelp-1.0.7-py3-none-any.whl (120 kB)
   ━━━━━━━━━━━━━━━━━━━━━━━━━━━━━━━━━━━━━━━ 120.0/120.0 kB 276.7 MB/s eta 0:00:00
Downloading sphinxcontrib_devhelp-1.0.5-py3-none-any.whl (83 kB)
   ━━━━━━━━━━━━━━━━━━━━━━━━━━━━━━━━━━━━━━━━ 83.5/83.5 kB 253.2 MB/s eta 0:00:00
Downloading sphinxcontrib_qthelp-1.0.6-py3-none-any.whl (89 kB)
   ━━━━━━━━━━━━━━━━━━━━━━━━━━━━━━━━━━━━━━━━ 89.4/89.4 kB 271.7 MB/s eta 0:00:00
Downloading certifi-2023.7.22-py3-none-any.whl (158 kB)
   ━━━━━━━━━━━━━━━━━━━━━━━━━━━━━━━━━━━━━━━ 158.3/158.3 kB 268.0 MB/s eta 0:00:00
Downloading charset_normalizer-3.2.0-cp311-cp311-manylinux_2_17_x86_64.manylinux2014_x86_64.whl (199 kB)
   ━━━━━━━━━━━━━━━━━━━━━━━━━━━━━━━━━━━━━━━ 199.6/199.6 kB 292.5 MB/s eta 0:00:00
Downloading MarkupSafe-2.1.3-cp311-cp311-manylinux_2_17_x86_64.manylinux2014_x86_64.whl (28 kB)
Downloading urllib3-2.0.4-py3-none-any.whl (123 kB)
   ━━━━━━━━━━━━━━━━━━━━━━━━━━━━━━━━━━━━━━━ 123.9/123.9 kB 276.6 MB/s eta 0:00:00
Installing collected packages: snowballstemmer, urllib3, sphinxcontrib-jsmath, Pygments, packaging, MarkupSafe, imagesize, idna, docutils, charset-normalizer, certifi, babel, alabaster, requests, Jinja2, readthedocs-sphinx-ext, sphinxcontrib-serializinghtml, sphinxcontrib-qthelp, sphinxcontrib-htmlhelp, sphinxcontrib-devhelp, sphinxcontrib-applehelp, sphinx
Successfully installed Jinja2-3.1.2 MarkupSafe-2.1.3 Pygments-2.16.1 alabaster-0.7.13 babel-2.12.1 certifi-2023.7.22 charset-normalizer-3.2.0 docutils-0.20.1 idna-3.4 imagesize-1.4.1 packaging-23.1 readthedocs-sphinx-ext-2.2.2 requests-2.31.0 snowballstemmer-2.2.0 sphinx-7.2.5 sphinxcontrib-applehelp-1.0.7 sphinxcontrib-devhelp-1.0.5 sphinxcontrib-htmlhelp-2.0.4 sphinxcontrib-jsmath-1.0.1 sphinxcontrib-qthelp-1.0.6 sphinxcontrib-serializinghtml-1.1.9 urllib3-2.0.4

[rtd-command-info] start-time: 2023-08-31T21:29:47.466527Z, end-time: 2023-08-31T21:29:47.523642Z, duration: 0, exit-code: 0
cat docs/source/conf.py
# Configuration file for the Sphinx documentation builder.

# -- Project information

project = 'pestifer'
copyright = '2023, Cameron F. Abrams'
author = 'cfa22@drexel.edu'

release = '1.0'
version = '1.0.1'

# -- General configuration

extensions = [
    'sphinx.ext.duration',
    'sphinx.ext.doctest',
    'sphinx.ext.autodoc',
    'sphinx.ext.autosummary',
    'sphinx.ext.intersphinx',
]

intersphinx_mapping = {
    'python': ('https://docs.python.org/3/', None),
    'sphinx': ('https://www.sphinx-doc.org/en/master/', None),
}
intersphinx_disabled_domains = ['std']

templates_path = ['_templates']

# -- Options for HTML output

html_theme = 'sphinx_rtd_theme'

# -- Options for EPUB output
epub_show_urls = 'footnote'




###########################################################################
#          auto-created readthedocs.org specific configuration            #
###########################################################################


#
# The following code was added during an automated build on readthedocs.org
# It is auto created and injected for every build. The result is based on the
# conf.py.tmpl file found in the readthedocs.org codebase:
# https://github.com/rtfd/readthedocs.org/blob/main/readthedocs/doc_builder/templates/doc_builder/conf.py.tmpl
#
# Note: this file shouldn't rely on extra dependencies.

import importlib
import sys
import os.path

# Borrowed from six.
PY3 = sys.version_info[0] == 3
string_types = str if PY3 else basestring

from sphinx import version_info

# Get suffix for proper linking to GitHub
# This is deprecated in Sphinx 1.3+,
# as each page can have its own suffix
if globals().get('source_suffix', False):
    if isinstance(source_suffix, string_types):
        SUFFIX = source_suffix
    elif isinstance(source_suffix, (list, tuple)):
        # Sphinx >= 1.3 supports list/tuple to define multiple suffixes
        SUFFIX = source_suffix[0]
    elif isinstance(source_suffix, dict):
        # Sphinx >= 1.8 supports a mapping dictionary for multiple suffixes
        SUFFIX = list(source_suffix.keys())[0]  # make a ``list()`` for py2/py3 compatibility
    else:
        # default to .rst
        SUFFIX = '.rst'
else:
    SUFFIX = '.rst'

# Add RTD Static Path. Add to the end because it overwrites previous files.
if not 'html_static_path' in globals():
    html_static_path = []
if os.path.exists('_static'):
    html_static_path.append('_static')

# Define this variable in case it's not defined by the user.
# It defaults to `alabaster` which is the default from Sphinx.
# https://www.sphinx-doc.org/en/master/usage/configuration.html#confval-html_theme
html_theme = globals().get('html_theme', 'alabaster')

#Add project information to the template context.
context = {
    'html_theme': html_theme,
    'current_version': "latest",
    'version_slug': "latest",
    'MEDIA_URL': "https://media.readthedocs.org/",
    'STATIC_URL': "https://assets.readthedocs.org/static/",
    'PRODUCTION_DOMAIN': "readthedocs.org",
    'proxied_static_path': "/_/static/",
    'versions': [
    ("latest", "/en/latest/"),
    ],
    'downloads': [ 
    ],
    'subprojects': [ 
    ],
    'slug': 'pestifer',
    'name': u'pestifer',
    'rtd_language': u'en',
    'programming_language': u'words',
    'canonical_url': '',
    'analytics_code': 'None',
    'single_version': False,
    'conf_py_path': '/docs/source/',
    'api_host': 'https://readthedocs.org',
    'github_user': 'cameronabrams',
    'proxied_api_host': '/_',
    'github_repo': 'pestifer',
    'github_version': 'main',
    'display_github': True,
    'bitbucket_user': 'None',
    'bitbucket_repo': 'None',
    'bitbucket_version': 'main',
    'display_bitbucket': False,
    'gitlab_user': 'None',
    'gitlab_repo': 'None',
    'gitlab_version': 'main',
    'display_gitlab': False,
    'READTHEDOCS': True,
    'using_theme': (html_theme == "default"),
    'new_theme': (html_theme == "sphinx_rtd_theme"),
    'source_suffix': SUFFIX,
    'ad_free': False,
    'docsearch_disabled': False,
    'user_analytics_code': '',
    'global_analytics_code': 'UA-17997319-1',
    'commit': 'ea9dccf6',
}

# For sphinx >=1.8 we can use html_baseurl to set the canonical URL.
# https://www.sphinx-doc.org/en/master/usage/configuration.html#confval-html_baseurl
if version_info >= (1, 8):
    if not globals().get('html_baseurl'):
        html_baseurl = context['canonical_url']
    context['canonical_url'] = None





if 'html_context' in globals():
    for key in context:
        if key not in html_context:
            html_context[key] = context[key]
else:
    html_context = context

# Add custom RTD extension
if 'extensions' in globals():
    # Insert at the beginning because it can interfere
    # with other extensions.
    # See https://github.com/rtfd/readthedocs.org/pull/4054
    extensions.insert(0, "readthedocs_ext.readthedocs")
else:
    extensions = ["readthedocs_ext.readthedocs"]

# Add External version warning banner to the external version documentation
if 'branch' == 'external':
    extensions.insert(1, "readthedocs_ext.external_version_warning")
    readthedocs_vcs_url = 'None'
    readthedocs_build_url = 'https://readthedocs.org/projects/pestifer/builds/21785553/'

project_language = 'en'

# User's Sphinx configurations
language_user = globals().get('language', None)
latex_engine_user = globals().get('latex_engine', None)
latex_elements_user = globals().get('latex_elements', None)

# Remove this once xindy gets installed in Docker image and XINDYOPS
# env variable is supported
# https://github.com/rtfd/readthedocs-docker-images/pull/98
latex_use_xindy = False

chinese = any([
    language_user in ('zh_CN', 'zh_TW'),
    project_language in ('zh_CN', 'zh_TW'),
])

japanese = any([
    language_user == 'ja',
    project_language == 'ja',
])

if chinese:
    latex_engine = latex_engine_user or 'xelatex'

    latex_elements_rtd = {
        'preamble': '\\usepackage[UTF8]{ctex}\n',
    }
    latex_elements = latex_elements_user or latex_elements_rtd
elif japanese:
    latex_engine = latex_engine_user or 'platex'

# Make sure our build directory is always excluded
exclude_patterns = globals().get('exclude_patterns', [])
exclude_patterns.extend(['_build'])

[rtd-command-info] start-time: 2023-08-31T21:29:48.245993Z, end-time: 2023-08-31T21:29:48.778222Z, duration: 0, exit-code: 2
python -m sphinx -T -E -b html -d _build/doctrees -D language=en . $READTHEDOCS_OUTPUT/html
Running Sphinx v7.2.5
making output directory... done

Traceback (most recent call last):
  File "/home/docs/checkouts/readthedocs.org/user_builds/pestifer/envs/latest/lib/python3.11/site-packages/sphinx/cmd/build.py", line 293, in build_main
    app = Sphinx(args.sourcedir, args.confdir, args.outputdir,
          ^^^^^^^^^^^^^^^^^^^^^^^^^^^^^^^^^^^^^^^^^^^^^^^^^^^^
  File "/home/docs/checkouts/readthedocs.org/user_builds/pestifer/envs/latest/lib/python3.11/site-packages/sphinx/application.py", line 272, in __init__
    self._init_builder()
  File "/home/docs/checkouts/readthedocs.org/user_builds/pestifer/envs/latest/lib/python3.11/site-packages/sphinx/application.py", line 342, in _init_builder
    self.builder.init()
  File "/home/docs/checkouts/readthedocs.org/user_builds/pestifer/envs/latest/lib/python3.11/site-packages/sphinx/builders/html/__init__.py", line 219, in init
    self.init_templates()
  File "/home/docs/checkouts/readthedocs.org/user_builds/pestifer/envs/latest/lib/python3.11/site-packages/sphinx/builders/html/__init__.py", line 270, in init_templates
    self.theme = theme_factory.create(themename)
                 ^^^^^^^^^^^^^^^^^^^^^^^^^^^^^^^
  File "/home/docs/checkouts/readthedocs.org/user_builds/pestifer/envs/latest/lib/python3.11/site-packages/sphinx/theming.py", line 230, in create
    raise ThemeError(__('no theme named %r found (missing theme.conf?)') % name)
sphinx.errors.ThemeError: no theme named 'sphinx_rtd_theme' found (missing theme.conf?)

Theme error:
no theme named 'sphinx_rtd_theme' found (missing theme.conf?)
