make all --print-data-base --no-builtin-variables --no-builtin-rules --question
make: *** No rule to make target 'all'.  Stop.

# GNU Make 4.2.1
# Built for x86_64-suse-linux-gnu
# Copyright (C) 1988-2016 Free Software Foundation, Inc.
# License GPLv3+: GNU GPL version 3 or later <http://gnu.org/licenses/gpl.html>
# This is free software: you are free to change and redistribute it.
# There is NO WARRANTY, to the extent permitted by law.

# Make data base, printed on Thu Jul 21 12:49:36 2022

# Variables

# environment
GMXDATA = /usr/local/gromacs/share/gromacs
# automatic
<D = $(patsubst %/,%,$(dir $<))
# automatic
?F = $(notdir $?)
# environment
DESKTOP_SESSION = /usr/share/xsessions/plasma5
# environment
KONSOLE_DBUS_WINDOW = /Windows/1
# default
.SHELLFLAGS := -c
# environment
XDG_SESSION_CLASS = user
# environment
XDG_SESSION_TYPE = x11
# environment
GTK3_MODULES = unity-gtk-module
# automatic
?D = $(patsubst %/,%,$(dir $?))
# environment
JAVA_ROOT = /usr/lib64/jvm/jre-11-openjdk
# automatic
@D = $(patsubst %/,%,$(dir $@))
# environment
XAUTHORITY = /home/cfa/.Xauthority
# automatic
@F = $(notdir $@)
# environment
XMODIFIERS = @im=ibus
# makefile
CURDIR := /home/cfa/Git/pestifer
# makefile
SHELL = /bin/sh
# environment
CONFIG_SITE = /usr/share/site/x86_64-unknown-linux-gnu
# environment
CHARMRUN = /home/cfa/namd/NAMD_2.14_Source/Linux-x86_64-g++/charmrun
# environment
VSCODE_NLS_CONFIG = {"locale":"en-us","availableLanguages":{},"_languagePackSupport":true}
# environment
_ = /usr/bin/make
# environment
KONSOLE_VERSION = 200402
# environment
XDG_CONFIG_DIRS = /etc/xdg
# environment
CONDA_PREFIX_1 = /home/cfa/anaconda3
# makefile
MAKEFILE_LIST := 
# environment
MINICOM = -c on
# 'override' directive
GNUMAKEFLAGS := 
# environment
XDG_DATA_DIRS = /home/cfa/.local/share/flatpak/exports/share:/var/lib/flatpak/exports/share:/usr/local/share:/usr/share
# environment
XSESSION_IS_UP = yes
# environment
DBUS_SESSION_BUS_ADDRESS = unix:path=/run/user/1000/bus
# environment
MACHTYPE = x86_64-suse-linux
# environment
LESSOPEN = lessopen.sh %s
# environment
VSCODE_CWD = /home/cfa/Git/pestifer
# environment
XDG_SESSION_PATH = /org/freedesktop/DisplayManager/Session1
# environment
GSETTINGS_SCHEMA_DIR = /home/cfa/anaconda3/envs/py39/share/glib-2.0/schemas
# default
MAKE_HOST := x86_64-suse-linux-gnu
# environment
PATH = /home/cfa/research/HTPolyNet/mh-cl/src:/usr/local/gromacs/bin:/home/cfa/research/HTPolyNet/mh-cl/src:/home/cfa/anaconda3/envs/py39/bin:/home/cfa/anaconda3/condabin:/home/cfa/research/HTPolyNet/mh-cl/src:/usr/lib64/mpi/gcc/openmpi/bin:/usr/local/cuda-11.3/bin:/home/cfa/.local/bin:/home/cfa/bin:/usr/local/bin:/usr/bin:/bin:/usr/lib/mit/sbin
# environment
LESSKEY = /etc/lesskey.bin
# environment
XCURSOR_THEME = breeze_cursors
# environment
SESSION_MANAGER = local/panacea:@/tmp/.ICE-unix/3158,unix/panacea:/tmp/.ICE-unix/3158
# environment
XDG_RUNTIME_DIR = /run/user/1000
# environment
WINDOWID = 18874375
# environment
GROMACS_DIR = /usr/local/gromacs
# environment
UBUNTU_MENUPROXY = 1
# environment
JAVA_BINDIR = /usr/lib64/jvm/jre-11-openjdk/bin
# environment
CONDA_PREFIX = /home/cfa/anaconda3/envs/py39
# environment
ELECTRON_RUN_AS_NODE = 1
# environment
PROFILEHOME = 
# default
.FEATURES := target-specific order-only second-expansion else-if shortest-stem undefine oneshell archives jobserver output-sync check-symlink load
# environment
G_BROKEN_FILENAMES = 1
# environment
LS_COLORS = no=00:fi=00:di=01;34:ln=00;36:pi=40;33:so=01;35:do=01;35:bd=40;33;01:cd=40;33;01:or=41;33;01:ex=00;32:*.cmd=00;32:*.exe=01;32:*.com=01;32:*.bat=01;32:*.btm=01;32:*.dll=01;32:*.tar=00;31:*.tbz=00;31:*.tgz=00;31:*.rpm=00;31:*.deb=00;31:*.arj=00;31:*.taz=00;31:*.lzh=00;31:*.lzma=00;31:*.zip=00;31:*.zoo=00;31:*.z=00;31:*.Z=00;31:*.gz=00;31:*.bz2=00;31:*.tb2=00;31:*.tz2=00;31:*.tbz2=00;31:*.xz=00;31:*.avi=01;35:*.bmp=01;35:*.dl=01;35:*.fli=01;35:*.gif=01;35:*.gl=01;35:*.jpg=01;35:*.jpeg=01;35:*.mkv=01;35:*.mng=01;35:*.mov=01;35:*.mp4=01;35:*.mpg=01;35:*.pcx=01;35:*.pbm=01;35:*.pgm=01;35:*.png=01;35:*.ppm=01;35:*.svg=01;35:*.tga=01;35:*.tif=01;35:*.webm=01;35:*.webp=01;35:*.wmv=01;35:*.xbm=01;35:*.xcf=01;35:*.xpm=01;35:*.aiff=00;32:*.ape=00;32:*.au=00;32:*.flac=00;32:*.m4a=00;32:*.mid=00;32:*.mp3=00;32:*.mpc=00;32:*.ogg=00;32:*.voc=00;32:*.wav=00;32:*.wma=00;32:*.wv=00;32:
# environment
NAMD2 = /home/cfa/namd/NAMD_2.14_Source/Linux-x86_64-g++/namd2
# environment
XDG_SESSION_DESKTOP = KDE
# environment
SSH_AUTH_SOCK = /tmp/ssh-lFxTMLvaTXoY/agent.2886
# automatic
%F = $(notdir $%)
# environment
DISPLAY = :0
# environment
CONDA_EXE = /home/cfa/anaconda3/bin/conda
# environment
TMUX_PANE = %6
# environment
GTK_IM_MODULE = ibus
# environment
PWD = /home/cfa/Git/pestifer
# environment
KDE_SESSION_VERSION = 5
# default
.LOADED := 
# environment
QEMU_AUDIO_DRV = pa
# environment
XDG_SEAT = seat0
# environment
QT_AUTO_SCREEN_SCALE_FACTOR = 0
# environment
SSH_AGENT_PID = 3075
# environment
PKG_CONFIG_PATH = /usr/local/gromacs/lib64/pkgconfig
# environment
ORIGINAL_XDG_CURRENT_DESKTOP = KDE
# environment
AUDIODRIVER = pulseaudio
# environment
GTK_MODULES = canberra-gtk-module
# environment
MANPATH = /usr/local/gromacs/share/man:/usr/lib64/mpi/gcc/openmpi/share/man:/usr/local/man:/usr/local/share/man:/usr/share/man
# environment
VSCODE_AMD_ENTRYPOINT = vs/workbench/api/node/extensionHostProcess
# environment
HOME = /home/cfa
# environment
GMXMAN = /usr/local/gromacs/share/man
# environment
LD_LIBRARY_PATH = /usr/local/gromacs/lib64:/usr/lib64/mpi/gcc/openmpi/lib64
# environment
LESSCLOSE = lessclose.sh %s %s
# environment
VSCODE_CLI = 1
# environment
PERL5LIB = /home/cfa/anaconda3/envs/py39/lib/perl/mm_pbsa
# environment
VSCODE_CODE_CACHE_PATH = /home/cfa/.config/Code/CachedData/3b889b090b5ad5793f524b5d1d39fda662b96a2a
# environment
LOGNAME = cfa
# environment
G_FILENAME_ENCODING = @locale,UTF-8,ISO-8859-15,CP1252
# environment
APPLICATION_INSIGHTS_NO_DIAGNOSTIC_CHANNEL = 1
# environment
CONDA_PROMPT_MODIFIER = (py39) 
# environment
KDE_FULL_SESSION = true
# environment
ELECTRON_NO_ATTACH_CONSOLE = 1
# environment
QT_IM_SWITCHER = imsw-multi
# environment
VSCODE_HANDLES_UNCAUGHT_ERRORS = true
# default
MAKE_VERSION := 4.2.1
# automatic
^D = $(patsubst %/,%,$(dir $^))
# environment
HTPOLYPATH = /home/cfa/research/HTPolyNet/mh-cl
# environment
HOSTNAME = panacea
# environment
XDG_VTNR = 7
# environment
MAKELEVEL := 0
# environment
CONDA_DEFAULT_ENV = py39
# environment
SSH_ASKPASS = /usr/lib/ssh/ssh-askpass
# environment
COLORTERM = truecolor
# environment
KONSOLE_DBUS_SESSION = /Sessions/1
# default
MAKE = $(MAKE_COMMAND)
# default
MAKECMDGOALS := all
# environment
QT_IM_MODULE = ibus
# environment
OSTYPE = linux
# environment
XKEYSYMDB = /usr/X11R6/lib/X11/XKeysymDB
# environment
SHLVL = 4
# environment
 
JRE_HOME = /usr/lib64/jvm/java-11-openjdk-11
# environment
WINDOWMANAGER = /usr/bin/startplasma-x11
# environment
LESS_ADVANCED_PREPROCESSOR = no
# environment
JAVA_HOME = /usr/lib64/jvm/jre-11-openjdk
# environment
XDG_SESSION_ID = 2
# environment
AMBERHOME = /home/cfa/anaconda3/envs/py39
# environment
USER = cfa
# environment
LS_OPTIONS = -N --color=tty -T 0
# makefile
.DEFAULT_GOAL := 
# environment
XDG_CURRENT_DESKTOP = KDE
# environment
LESS = -M -I -R
# automatic
%D = $(patsubst %/,%,$(dir $%))
# environment
CPU = x86_64
# environment
PROJ_LIB = /home/cfa/anaconda3/envs/py39/share/proj
# environment
CONDA_SHLVL = 2
# environment
GMXBIN = /usr/local/gromacs/bin
# default
MAKE_COMMAND := make
# environment
PROFILEREAD = true
# environment
OLDPWD = /home/cfa
# default
.VARIABLES := 
# environment
INPUT_METHOD = ibus
# environment
CVS_RSH = ssh
# automatic
*F = $(notdir $*)
# environment
LANGUAGE = 
# environment
XDG_SEAT_PATH = /org/freedesktop/DisplayManager/Seat0
# environment
VSCODE_IPC_HOOK = /run/user/1000/vscode-8209c36d-1.69.2-main.sock
# makefile
MAKEFLAGS = pqrR
# environment
MFLAGS = -pqrR
# automatic
*D = $(patsubst %/,%,$(dir $*))
# environment
MAIL = /var/spool/mail/cfa
# environment
SHELL_SESSION_ID = 8f2b7db2f61a4a328f81d7de6c14cc7d
# automatic
+D = $(patsubst %/,%,$(dir $+))
# environment
TMUX = /run/tmux/1000/default,3700,0
# environment
GDK_BACKEND = x11
# automatic
+F = $(notdir $+)
# environment
GTK2_MODULES = unity-gtk-module
# environment
KDE_SESSION_UID = 1000
# environment
GSETTINGS_SCHEMA_DIR_CONDA_BACKUP = 
# environment
COLORFGBG = 15;0
# environment
PYTHONSTARTUP = /etc/pythonstart
# environment
GMXLDLIB = /usr/local/gromacs/lib64
# environment
NO_AT_BRIDGE = 1
# default
MAKEFILES := 
# automatic
<F = $(notdir $<)
# environment
XAUTHLOCALHOSTNAME = panacea
# environment
CSHEDIT = emacs
# environment
PSFGEN_BASEDIR = /home/cfa/Git/psfgen
# environment
PAGER = less
# environment
LC_ALL = C
# environment
CONDA_PYTHON_EXE = /home/cfa/anaconda3/bin/python
# environment
QT4_IM_MODULE = xim
# environment
HOSTTYPE = x86_64
# automatic
^F = $(notdir $^)
# environment
FROM_HEADER = 
# default
SUFFIXES := 
# environment
HISTSIZE = 1000
# environment
_CE_M = 
# environment
CHROME_DESKTOP = code-url-handler.desktop
# environment
XNLSPATH = /usr/share/X11/nls
# environment
KONSOLE_DBUS_SERVICE = :1.64
# default
.INCLUDE_DIRS = /usr/include /usr/local/include /usr/include
# environment
MORE = -sl
# environment
SDL_AUDIODRIVER = pulse
# default
.RECIPEPREFIX := 
# environment
GPG_TTY = /dev/pts/8
# environment
LANG = C
# environment
TERM = screen
# environment
QT_SYSTEM_DIR = /usr/share/desktop-data
# environment
VSCODE_PID = 5151
# environment
_CE_CONDA = 
# environment
HOST = panacea
# variable set hash-table stats:
# Load=174/1024=17%, Rehash=0, Collisions=18/196=9%

# Pattern-specific Variable Values

# No pattern-specific variable values.

# Directories

# . (device 2065, inode 2455502781): 15 files, no impossibilities.

# 15 files, no impossibilities in 1 directories.

# Implicit Rules

# No implicit rules.

# Files

# Not a target:
all:
#  Command line target.
#  Implicit rule search has been done.
#  File does not exist.
#  File has not been updated.

# Not a target:
Makefile:
#  Implicit rule search has been done.
#  File does not exist.
#  File has been updated.
#  Failed to be updated.

# Not a target:
makefile:
#  Implicit rule search has been done.
#  File does not exist.
#  File has been updated.
#  Failed to be updated.

# Not a target:
.DEFAULT:
#  Implicit rule search has not been done.
#  Modification time never checked.
#  File has not been updated.

# Not a target:
GNUmakefile:
#  Implicit rule search has been done.
#  File does not exist.
#  File has been updated.
#  Failed to be updated.

# files hash-table stats:
# Load=6/1024=1%, Rehash=0, Collisions=0/15=0%
# VPATH Search Paths

# No 'vpath' search paths.

# No general ('VPATH' variable) search path.

# strcache buffers: 1 (0) / strings = 23 / storage = 202 B / avg = 8 B
# current buf: size = 8162 B / used = 202 B / count = 23 / avg = 8 B

# strcache performance: lookups = 26 / hit rate = 11%
# hash-table stats:
# Load=23/8192=0%, Rehash=0, Collisions=1/26=4%
# Finished Make data base on Thu Jul 21 12:49:36 2022

 
